<?xml version="1.0" encoding="UTF-8"?>
<testng-results skipped="0" failed="0" total="1" passed="1">
  <reporter-output>
  </reporter-output>
  <suite name="Default suite" duration-ms="9957" started-at="2018-08-16T04:18:09Z" finished-at="2018-08-16T04:18:19Z">
    <groups>
    </groups>
    <test name="Default test" duration-ms="9957" started-at="2018-08-16T04:18:09Z" finished-at="2018-08-16T04:18:19Z">
      <class name="myGroup.RESTAPITest">
        <test-method status="PASS" signature="getPro()[pri:0, instance:myGroup.RESTAPITest@1ed4004b]" name="getPro" is-config="true" duration-ms="27" started-at="2018-08-16T14:18:09Z" finished-at="2018-08-16T14:18:09Z">
          <reporter-output>
          </reporter-output>
        </test-method> <!-- getPro -->
        <test-method status="PASS" signature="JiraAPI()[pri:0, instance:myGroup.RESTAPITest@1ed4004b]" name="JiraAPI" duration-ms="9891" started-at="2018-08-16T14:18:09Z" finished-at="2018-08-16T14:18:19Z">
          <reporter-output>
          </reporter-output>
        </test-method> <!-- JiraAPI -->
      </class> <!-- myGroup.RESTAPITest -->
    </test> <!-- Default test -->
  </suite> <!-- Default suite -->
</testng-results>
